<testsuite failures="0" name="Karate/Demo/ApiBaufest.feature" skipped="0" tests="3" time="6.768591">
  <testcase classname="Karate.Demo.ApiBaufest" name="Agregar mascota" time="2.256059">
    <system-out>Given url 'https://petstore.swagger.io/v2/pet' ............................ passed
When request {"id": 20,"category": {"id": 0,"name": "string"},"name": "doggie","photoUrls": ["string"],"tags": [{"id": 0,"name": "string"}],"status": "available"} . passed
And method post ........................................................... passed
Then status 200 ........................................................... passed
And match response == {"id": '#ignore',"category": {"id": '#ignore',"name": '#ignore'},"name": '#ignore',"photoUrls": ["string"],"tags": [{"id": '#ignore',"name": "string"}],"status": '#ignore'} . passed</system-out>
  </testcase>
  <testcase classname="Karate.Demo.ApiBaufest" name="Obtener una mascota por un id" time="2.254381">
    <system-out>Given url 'https://petstore.swagger.io/v2/pet' ............................ passed
When request {"id": 20,"category": {"id": 0,"name": "string"},"name": "doggie","photoUrls": ["string"],"tags": [{"id": 0,"name": "string"}],"status": "available"} . passed
And method post ........................................................... passed
Then status 200 ........................................................... passed
And match response == {"id": '#ignore',"category": {"id": '#ignore',"name": '#ignore'},"name": '#ignore',"photoUrls": ["string"],"tags": [{"id": '#ignore',"name": "string"}],"status": '#ignore'} . passed
Given url 'https://petstore.swagger.io/v2/pet/20' ......................... passed
When method get ........................................................... passed
Then status 200 ........................................................... passed
And match response == {"id": '#ignore',"category": {"id": '#ignore',"name": '#ignore'},"name": '#ignore',"photoUrls": ["string"],"tags": [{"id": '#ignore',"name": "string"}],"status": "available"} . passed</system-out>
  </testcase>
  <testcase classname="Karate.Demo.ApiBaufest" name="Agregar una mascota" time="2.258151">
    <system-out>Given url 'https://petstore.swagger.io/v2/pet' ............................ passed
When request {"id": 20,"category": {"id": 0,"name": "string"},"name": "doggie","photoUrls": ["string"],"tags": [{"id": 0,"name": "string"}],"status": "available"} . passed
And method post ........................................................... passed
Then status 200 ........................................................... passed
And match response == {"id": '#ignore',"category": {"id": '#ignore',"name": '#ignore'},"name": '#ignore',"photoUrls": ["string"],"tags": [{"id": '#ignore',"name": "string"}],"status": '#ignore'} . passed
Given url 'https://petstore.swagger.io/v2/pet/20' ......................... passed
When method get ........................................................... passed
Then status 200 ........................................................... passed
And match response == {"id": '#ignore',"category": {"id": '#ignore',"name": '#ignore'},"name": '#ignore',"photoUrls": ["string"],"tags": [{"id": '#ignore',"name": "string"}],"status": "available"} . passed
Given url 'https://petstore.swagger.io/v2/pet' ............................ passed
When request {"id": 30,"category": {"id": 30,"name": "string"},"name": "peki","photoUrls": ["string"],"tags": [{"id": 0,"name": "string"}],"status": "available"} . passed
And method put ............................................................ passed
Then status 200 ........................................................... passed
And match response == {"id": '#ignore',"category": {"id": '#ignore',"name": "string"},"name": '#ignore',"photoUrls": ["string"],"tags": [{"id": '#ignore',"name": "string"}],"status": "available"} . passed</system-out>
  </testcase>
</testsuite>
