<testsuite failures="1" name="Karate/Demo/ApiBaufest.feature" skipped="0" tests="3" time="6.945002">
  <testcase classname="Karate.Demo.ApiBaufest" name="Agregar mascota" time="2.321214">
    <system-out>Given url 'https://petstore.swagger.io/v2/pet' ............................ passed
When request {"id": 2,"category": {"id": 0,"name": "string"},"name": "doggie","photoUrls": ["string"],"tags": [{"id": 0,"name": "string"}],"status": "available"} . passed
And method post ........................................................... passed
Then status 200 ........................................................... passed
And match response == {"id": '#ignore',"category": {"id": '#ignore',"name": '#ignore'},"name": '#ignore',"photoUrls": ["string"],"tags": [{"id": '#ignore',"name": "string"}],"status": '#ignore'} . passed</system-out>
  </testcase>
  <testcase classname="Karate.Demo.ApiBaufest" name="Obtener una mascota por un id" time="2.302857">
    <failure message="ApiBaufest.feature:15 - status code was: 404, expected: 200, response time: 1478, url: https://petstore.swagger.io/v2/pet/20, response: {&quot;code&quot;:1,&quot;type&quot;:&quot;error&quot;,&quot;message&quot;:&quot;Pet not found&quot;}">Given url 'https://petstore.swagger.io/v2/pet' ............................ passed
When request {"id": 2,"category": {"id": 0,"name": "string"},"name": "doggie","photoUrls": ["string"],"tags": [{"id": 0,"name": "string"}],"status": "available"} . passed
And method post ........................................................... passed
Then status 200 ........................................................... passed
And match response == {"id": '#ignore',"category": {"id": '#ignore',"name": '#ignore'},"name": '#ignore',"photoUrls": ["string"],"tags": [{"id": '#ignore',"name": "string"}],"status": '#ignore'} . passed
Given url 'https://petstore.swagger.io/v2/pet/20' ......................... passed
When method get ........................................................... passed
Then status 200 ........................................................... failed

Stack Trace:
com.intuit.karate.exception.KarateException: ApiBaufest.feature:15 - status code was: 404, expected: 200, response time: 1478, url: https://petstore.swagger.io/v2/pet/20, response: {"code":1,"type":"error","message":"Pet not found"}&#13;
	at ✽.Then status 200 (ApiBaufest.feature:15)&#13;

And match response == {"id": '#ignore',"category": {"id": '#ignore',"name": '#ignore'},"name": '#ignore',"photoUrls": ["string"],"tags": [{"id": '#ignore',"name": "string"}],"status": "available"} . skipped</failure>
  </testcase>
  <testcase classname="Karate.Demo.ApiBaufest" name="Agregar una mascota" time="2.32093">
    <system-out>Given url 'https://petstore.swagger.io/v2/pet' ............................ passed
When request {"id": 2,"category": {"id": 0,"name": "string"},"name": "doggie","photoUrls": ["string"],"tags": [{"id": 0,"name": "string"}],"status": "available"} . passed
And method post ........................................................... passed
Then status 200 ........................................................... passed
And match response == {"id": '#ignore',"category": {"id": '#ignore',"name": '#ignore'},"name": '#ignore',"photoUrls": ["string"],"tags": [{"id": '#ignore',"name": "string"}],"status": '#ignore'} . passed
Given url 'https://petstore.swagger.io/v2/pet/20' ......................... passed
When method get ........................................................... passed
Then status 200 ........................................................... failed

Stack Trace:
com.intuit.karate.exception.KarateException: ApiBaufest.feature:15 - status code was: 404, expected: 200, response time: 1478, url: https://petstore.swagger.io/v2/pet/20, response: {"code":1,"type":"error","message":"Pet not found"}&#13;
	at ✽.Then status 200 (ApiBaufest.feature:15)&#13;

And match response == {"id": '#ignore',"category": {"id": '#ignore',"name": '#ignore'},"name": '#ignore',"photoUrls": ["string"],"tags": [{"id": '#ignore',"name": "string"}],"status": "available"} . skipped
Given url 'https://petstore.swagger.io/v2/pet' ............................ passed
When request {"id": 30,"category": {"id": 30,"name": "string"},"name": "peki","photoUrls": ["string"],"tags": [{"id": 0,"name": "string"}],"status": "available"} . passed
And method put ............................................................ passed
Then status 200 ........................................................... passed
And match response == {"id": '#ignore',"category": {"id": '#ignore',"name": "string"},"name": '#ignore',"photoUrls": ["string"],"tags": [{"id": '#ignore',"name": "string"}],"status": "available"} . passed</system-out>
  </testcase>
</testsuite>
