<testsuite failures="1" name="Karate/Demo/web.feature" skipped="0" tests="1" time="39.706613">
  <testcase classname="Karate.Demo.web" name="Agregar Item al carrito de compra" time="39.706613">
    <failure message="web.feature:10 - evaluation (js) failed: waitFor('//h5[text()=&quot;Sign up&quot;]'), java.lang.RuntimeException: waitUntil (js): failed after 3 retries and 21048 milliseconds&#10;stack trace: com.intuit.karate.driver.DriverOptions.retry(DriverOptions.java:489)">Given driver 'https://www.demoblaze.com/' ................................. passed
And driver.maximize() ..................................................... passed
And waitFor("{a}Sign up") ................................................. passed
When click('a[id=login2]') ................................................ passed
* delay(5000) ............................................................. passed
And waitFor('//h5[text()="Sign up"]') ..................................... failed

Stack Trace:
com.intuit.karate.exception.KarateException: web.feature:10 - evaluation (js) failed: waitFor('//h5[text()="Sign up"]'), java.lang.RuntimeException: waitUntil (js): failed after 3 retries and 21048 milliseconds
stack trace: com.intuit.karate.driver.DriverOptions.retry(DriverOptions.java:489)&#13;
	at âœ½.And waitFor('//h5[text()="Sign up"]') (web.feature:10)&#13;

* delay(5000) ............................................................. skipped
And input('input[id="sign-username"]','cristhianc') ....................... skipped
And input('input[id="sign-password"]','1234567') .......................... skipped
* delay(5000) ............................................................. skipped
And click('//button[text()="Sign up"]') ................................... skipped
When click('{}Show Alert') ................................................ skipped
And dialog(true) .......................................................... skipped
* delay(5000) ............................................................. skipped</failure>
  </testcase>
</testsuite>
